Time resolution is 1 ps
!!!!!!!!!!!!!!!!!!!!!!!!!!!!!!!!!!!!!!!!!!!!!!!!
ITCM 0x00: 3040507330047073
ITCM 0x01: 8581819310001197
ITCM 0x02: ff01011310010117
ITCM 0x03: 1a82829300000297
ITCM 0x04: 3051f07330529073
ITCM 0x05: 0945051300000517
ITCM 0x06: 08c5859300000597
ITCM 0x07: 0000d61702b50063
ITCM 0x16: 279000ef2ab000ef
ITCM 0x20: 0000d59784660613
HummingBird SDK Build Time: Sep 23 2023, 17:47:43


Download Mode: ILM


CPU Frequency 540016 Hz


Hello World!


Hello from CPP!

2

3

4

HELLO FROM Lambda expr

