Copyright 1986-2022 Xilinx, Inc. All Rights Reserved.
-------------------------------------------------------------------------------------------------------------------------------------------
| Tool Version     : Vivado v.2022.2 (win64) Build 3671981 Fri Oct 14 05:00:03 MDT 2022
| Date             : Sun Oct 22 18:12:50 2023
| Host             : Kasaki352 running 64-bit major release  (build 9200)
| Command          : report_power -file sys_top_power_routed.rpt -pb sys_top_power_summary_routed.pb -rpx sys_top_power_routed.rpx
| Design           : sys_top
| Device           : xc7a100tfgg484-1
| Design State     : routed
| Grade            : commercial
| Process          : typical
| Characterization : Production
-------------------------------------------------------------------------------------------------------------------------------------------

Power Report

Table of Contents
-----------------
1. Summary
1.1 On-Chip Components
1.2 Power Supply Summary
1.3 Confidence Level
2. Settings
2.1 Environment
2.2 Clock Constraints
3. Detailed Reports
3.1 By Hierarchy

1. Summary
----------

+--------------------------+--------------+
| Total On-Chip Power (W)  | 1.501        |
| Design Power Budget (W)  | Unspecified* |
| Power Budget Margin (W)  | NA           |
| Dynamic (W)              | 1.394        |
| Device Static (W)        | 0.107        |
| Effective TJA (C/W)      | 2.7          |
| Max Ambient (C)          | 81.0         |
| Junction Temperature (C) | 29.0         |
| Confidence Level         | Low          |
| Setting File             | ---          |
| Simulation Activity File | ---          |
| Design Nets Matched      | NA           |
+--------------------------+--------------+
* Specify Design Power Budget using, set_operating_conditions -design_power_budget <value in Watts>


1.1 On-Chip Components
----------------------

+--------------------------+-----------+----------+-----------+-----------------+
| On-Chip                  | Power (W) | Used     | Available | Utilization (%) |
+--------------------------+-----------+----------+-----------+-----------------+
| Clocks                   |     0.051 |       40 |       --- |             --- |
| Slice Logic              |     0.014 |    27362 |       --- |             --- |
|   LUT as Logic           |     0.011 |     9087 |     63400 |           14.33 |
|   Register               |    <0.001 |    12060 |    126800 |            9.51 |
|   LUT as Distributed RAM |    <0.001 |      702 |     19000 |            3.69 |
|   CARRY4                 |    <0.001 |      380 |     15850 |            2.40 |
|   LUT as Shift Register  |    <0.001 |      692 |     19000 |            3.64 |
|   F7/F8 Muxes            |    <0.001 |       64 |     63400 |            0.10 |
|   Others                 |    <0.001 |     1014 |       --- |             --- |
| Signals                  |     0.018 |    21179 |       --- |             --- |
| Block RAM                |     0.020 |     25.5 |       135 |           18.89 |
| MMCM                     |     0.323 |        3 |         6 |           50.00 |
| PLL                      |     0.116 |        1 |         6 |           16.67 |
| I/O                      |     0.645 |       99 |       285 |           34.74 |
| PHASER                   |     0.203 |       26 |       --- |             --- |
| XADC                     |     0.004 |        1 |       --- |             --- |
| Static Power             |     0.107 |          |           |                 |
| Total                    |     1.501 |          |           |                 |
+--------------------------+-----------+----------+-----------+-----------------+


1.2 Power Supply Summary
------------------------

+-----------+-------------+-----------+-------------+------------+-------------+-------------+------------+
| Source    | Voltage (V) | Total (A) | Dynamic (A) | Static (A) | Powerup (A) | Budget (A)  | Margin (A) |
+-----------+-------------+-----------+-------------+------------+-------------+-------------+------------+
| Vccint    |       1.000 |     0.182 |       0.164 |      0.018 |       NA    | Unspecified | NA         |
| Vccaux    |       1.800 |     0.445 |       0.426 |      0.018 |       NA    | Unspecified | NA         |
| Vcco33    |       3.300 |     0.045 |       0.041 |      0.004 |       NA    | Unspecified | NA         |
| Vcco25    |       2.500 |     0.000 |       0.000 |      0.000 |       NA    | Unspecified | NA         |
| Vcco18    |       1.800 |     0.000 |       0.000 |      0.000 |       NA    | Unspecified | NA         |
| Vcco15    |       1.500 |     0.220 |       0.216 |      0.004 |       NA    | Unspecified | NA         |
| Vcco135   |       1.350 |     0.000 |       0.000 |      0.000 |       NA    | Unspecified | NA         |
| Vcco12    |       1.200 |     0.000 |       0.000 |      0.000 |       NA    | Unspecified | NA         |
| Vccaux_io |       1.800 |     0.000 |       0.000 |      0.000 |       NA    | Unspecified | NA         |
| Vccbram   |       1.000 |     0.002 |       0.001 |      0.001 |       NA    | Unspecified | NA         |
| MGTAVcc   |       1.000 |     0.000 |       0.000 |      0.000 |       NA    | Unspecified | NA         |
| MGTAVtt   |       1.200 |     0.000 |       0.000 |      0.000 |       NA    | Unspecified | NA         |
| Vccadc    |       1.800 |     0.022 |       0.002 |      0.020 |       NA    | Unspecified | NA         |
+-----------+-------------+-----------+-------------+------------+-------------+-------------+------------+


1.3 Confidence Level
--------------------

+-----------------------------+------------+--------------------------------------------------------+------------------------------------------------------------------------------------------------------------+
| User Input Data             | Confidence | Details                                                | Action                                                                                                     |
+-----------------------------+------------+--------------------------------------------------------+------------------------------------------------------------------------------------------------------------+
| Design implementation state | High       | Design is routed                                       |                                                                                                            |
| Clock nodes activity        | High       | User specified more than 95% of clocks                 |                                                                                                            |
| I/O nodes activity          | Low        | More than 75% of inputs are missing user specification | Provide missing input activity with simulation results or by editing the "By Resource Type -> I/Os" view   |
| Internal nodes activity     | Medium     | User specified less than 25% of internal nodes         | Provide missing internal nodes activity with simulation results or by editing the "By Resource Type" views |
| Device models               | High       | Device models are Production                           |                                                                                                            |
|                             |            |                                                        |                                                                                                            |
| Overall confidence level    | Low        |                                                        |                                                                                                            |
+-----------------------------+------------+--------------------------------------------------------+------------------------------------------------------------------------------------------------------------+


2. Settings
-----------

2.1 Environment
---------------

+-----------------------+--------------------------+
| Ambient Temp (C)      | 25.0                     |
| ThetaJA (C/W)         | 2.7                      |
| Airflow (LFM)         | 250                      |
| Heat Sink             | medium (Medium Profile)  |
| ThetaSA (C/W)         | 4.6                      |
| Board Selection       | medium (10"x10")         |
| # of Board Layers     | 12to15 (12 to 15 Layers) |
| Board Temperature (C) | 25.0                     |
+-----------------------+--------------------------+


2.2 Clock Constraints
---------------------

+-----------------------------------------------------------------------------------------------------------------------------------------------------------+------------------------------------------------------------------------------------------------------------------------------------------------------------------------------------------------------------------------------+-----------------+
| Clock                                                                                                                                                     | Domain                                                                                                                                                                                                                       | Constraint (ns) |
+-----------------------------------------------------------------------------------------------------------------------------------------------------------+------------------------------------------------------------------------------------------------------------------------------------------------------------------------------------------------------------------------------+-----------------+
| cam_xclk_clk_wiz_1                                                                                                                                        | video_system/video_sys_clk/inst/cam_xclk_clk_wiz_1                                                                                                                                                                           |            42.0 |
| camera_clock                                                                                                                                              | i_camera_pclk                                                                                                                                                                                                                |            11.9 |
| clk_ddr_ref_clk_wiz_0                                                                                                                                     | soc_clk/inst/clk_ddr_ref_clk_wiz_0                                                                                                                                                                                           |             5.0 |
| clk_ddr_sys_clk_wiz_0                                                                                                                                     | soc_clk/inst/clk_ddr_sys_clk_wiz_0                                                                                                                                                                                           |             3.1 |
| clk_pll_i                                                                                                                                                 | video_system/memory_top/mig_inst/u_mig_7series_0_mig/u_ddr3_infrastructure/clk_pll_i                                                                                                                                         |            12.5 |
| clkfbout_clk_wiz_0                                                                                                                                        | soc_clk/inst/clkfbout_clk_wiz_0                                                                                                                                                                                              |            20.0 |
| clkfbout_clk_wiz_1                                                                                                                                        | video_system/video_sys_clk/inst/clkfbout_clk_wiz_1                                                                                                                                                                           |            20.0 |
| dbg_hub/inst/BSCANID.u_xsdbm_id/SWITCH_N_EXT_BSCAN.bscan_inst/SERIES7_BSCAN.bscan_inst/TCK                                                                | dbg_hub/inst/BSCANID.u_xsdbm_id/SWITCH_N_EXT_BSCAN.bscan_inst/TCK                                                                                                                                                            |            33.0 |
| freq_refclk                                                                                                                                               | video_system/memory_top/mig_inst/u_mig_7series_0_mig/u_ddr3_infrastructure/freq_refclk                                                                                                                                       |             1.6 |
| hdmi_pix_5x_clk_wiz_1                                                                                                                                     | video_system/video_sys_clk/inst/hdmi_pix_5x_clk_wiz_1                                                                                                                                                                        |             7.9 |
| hdmi_pix_clk_wiz_1                                                                                                                                        | video_system/video_sys_clk/inst/hdmi_pix_clk_wiz_1                                                                                                                                                                           |            39.7 |
| i_soc_clk                                                                                                                                                 | i_soc_clk                                                                                                                                                                                                                    |            20.0 |
| iserdes_clkdiv                                                                                                                                            | video_system/memory_top/mig_inst/u_mig_7series_0_mig/u_memc_ui_top_axi/mem_intfc0/ddr_phy_top0/u_ddr_mc_phy_wrapper/u_ddr_mc_phy/ddr_phy_4lanes_0.u_ddr_phy_4lanes/ddr_byte_lane_A.ddr_byte_lane_A/iserdes_clkdiv            |            12.5 |
| iserdes_clkdiv_1                                                                                                                                          | video_system/memory_top/mig_inst/u_mig_7series_0_mig/u_memc_ui_top_axi/mem_intfc0/ddr_phy_top0/u_ddr_mc_phy_wrapper/u_ddr_mc_phy/ddr_phy_4lanes_0.u_ddr_phy_4lanes/ddr_byte_lane_B.ddr_byte_lane_B/iserdes_clkdiv            |            12.5 |
| iserdes_clkdiv_2                                                                                                                                          | video_system/memory_top/mig_inst/u_mig_7series_0_mig/u_memc_ui_top_axi/mem_intfc0/ddr_phy_top0/u_ddr_mc_phy_wrapper/u_ddr_mc_phy/ddr_phy_4lanes_0.u_ddr_phy_4lanes/ddr_byte_lane_C.ddr_byte_lane_C/iserdes_clkdiv            |            12.5 |
| iserdes_clkdiv_3                                                                                                                                          | video_system/memory_top/mig_inst/u_mig_7series_0_mig/u_memc_ui_top_axi/mem_intfc0/ddr_phy_top0/u_ddr_mc_phy_wrapper/u_ddr_mc_phy/ddr_phy_4lanes_0.u_ddr_phy_4lanes/ddr_byte_lane_D.ddr_byte_lane_D/iserdes_clkdiv            |            12.5 |
| mem_refclk                                                                                                                                                | video_system/memory_top/mig_inst/u_mig_7series_0_mig/u_ddr3_infrastructure/mem_refclk                                                                                                                                        |             3.1 |
| oserdes_clk                                                                                                                                               | video_system/memory_top/mig_inst/u_mig_7series_0_mig/u_memc_ui_top_axi/mem_intfc0/ddr_phy_top0/u_ddr_mc_phy_wrapper/u_ddr_mc_phy/ddr_phy_4lanes_0.u_ddr_phy_4lanes/ddr_byte_lane_A.ddr_byte_lane_A/oserdes_clk               |             3.1 |
| oserdes_clk_1                                                                                                                                             | video_system/memory_top/mig_inst/u_mig_7series_0_mig/u_memc_ui_top_axi/mem_intfc0/ddr_phy_top0/u_ddr_mc_phy_wrapper/u_ddr_mc_phy/ddr_phy_4lanes_0.u_ddr_phy_4lanes/ddr_byte_lane_B.ddr_byte_lane_B/oserdes_clk               |             3.1 |
| oserdes_clk_2                                                                                                                                             | video_system/memory_top/mig_inst/u_mig_7series_0_mig/u_memc_ui_top_axi/mem_intfc0/ddr_phy_top0/u_ddr_mc_phy_wrapper/u_ddr_mc_phy/ddr_phy_4lanes_0.u_ddr_phy_4lanes/ddr_byte_lane_C.ddr_byte_lane_C/oserdes_clk               |             3.1 |
| oserdes_clk_3                                                                                                                                             | video_system/memory_top/mig_inst/u_mig_7series_0_mig/u_memc_ui_top_axi/mem_intfc0/ddr_phy_top0/u_ddr_mc_phy_wrapper/u_ddr_mc_phy/ddr_phy_4lanes_0.u_ddr_phy_4lanes/ddr_byte_lane_D.ddr_byte_lane_D/oserdes_clk               |             3.1 |
| oserdes_clk_4                                                                                                                                             | video_system/memory_top/mig_inst/u_mig_7series_0_mig/u_memc_ui_top_axi/mem_intfc0/ddr_phy_top0/u_ddr_mc_phy_wrapper/u_ddr_mc_phy/ddr_phy_4lanes_1.u_ddr_phy_4lanes/ddr_byte_lane_B.ddr_byte_lane_B/oserdes_clk               |             3.1 |
| oserdes_clk_5                                                                                                                                             | video_system/memory_top/mig_inst/u_mig_7series_0_mig/u_memc_ui_top_axi/mem_intfc0/ddr_phy_top0/u_ddr_mc_phy_wrapper/u_ddr_mc_phy/ddr_phy_4lanes_1.u_ddr_phy_4lanes/ddr_byte_lane_C.ddr_byte_lane_C/oserdes_clk               |             3.1 |
| oserdes_clk_6                                                                                                                                             | video_system/memory_top/mig_inst/u_mig_7series_0_mig/u_memc_ui_top_axi/mem_intfc0/ddr_phy_top0/u_ddr_mc_phy_wrapper/u_ddr_mc_phy/ddr_phy_4lanes_1.u_ddr_phy_4lanes/ddr_byte_lane_D.ddr_byte_lane_D/oserdes_clk               |             3.1 |
| oserdes_clkdiv                                                                                                                                            | video_system/memory_top/mig_inst/u_mig_7series_0_mig/u_memc_ui_top_axi/mem_intfc0/ddr_phy_top0/u_ddr_mc_phy_wrapper/u_ddr_mc_phy/ddr_phy_4lanes_0.u_ddr_phy_4lanes/ddr_byte_lane_A.ddr_byte_lane_A/oserdes_clkdiv            |             6.3 |
| oserdes_clkdiv_1                                                                                                                                          | video_system/memory_top/mig_inst/u_mig_7series_0_mig/u_memc_ui_top_axi/mem_intfc0/ddr_phy_top0/u_ddr_mc_phy_wrapper/u_ddr_mc_phy/ddr_phy_4lanes_0.u_ddr_phy_4lanes/ddr_byte_lane_B.ddr_byte_lane_B/oserdes_clkdiv            |             6.3 |
| oserdes_clkdiv_2                                                                                                                                          | video_system/memory_top/mig_inst/u_mig_7series_0_mig/u_memc_ui_top_axi/mem_intfc0/ddr_phy_top0/u_ddr_mc_phy_wrapper/u_ddr_mc_phy/ddr_phy_4lanes_0.u_ddr_phy_4lanes/ddr_byte_lane_C.ddr_byte_lane_C/oserdes_clkdiv            |             6.3 |
| oserdes_clkdiv_3                                                                                                                                          | video_system/memory_top/mig_inst/u_mig_7series_0_mig/u_memc_ui_top_axi/mem_intfc0/ddr_phy_top0/u_ddr_mc_phy_wrapper/u_ddr_mc_phy/ddr_phy_4lanes_0.u_ddr_phy_4lanes/ddr_byte_lane_D.ddr_byte_lane_D/oserdes_clkdiv            |             6.3 |
| oserdes_clkdiv_4                                                                                                                                          | video_system/memory_top/mig_inst/u_mig_7series_0_mig/u_memc_ui_top_axi/mem_intfc0/ddr_phy_top0/u_ddr_mc_phy_wrapper/u_ddr_mc_phy/ddr_phy_4lanes_1.u_ddr_phy_4lanes/ddr_byte_lane_B.ddr_byte_lane_B/oserdes_clkdiv            |            12.5 |
| oserdes_clkdiv_5                                                                                                                                          | video_system/memory_top/mig_inst/u_mig_7series_0_mig/u_memc_ui_top_axi/mem_intfc0/ddr_phy_top0/u_ddr_mc_phy_wrapper/u_ddr_mc_phy/ddr_phy_4lanes_1.u_ddr_phy_4lanes/ddr_byte_lane_C.ddr_byte_lane_C/oserdes_clkdiv            |            12.5 |
| oserdes_clkdiv_6                                                                                                                                          | video_system/memory_top/mig_inst/u_mig_7series_0_mig/u_memc_ui_top_axi/mem_intfc0/ddr_phy_top0/u_ddr_mc_phy_wrapper/u_ddr_mc_phy/ddr_phy_4lanes_1.u_ddr_phy_4lanes/ddr_byte_lane_D.ddr_byte_lane_D/oserdes_clkdiv            |            12.5 |
| pll_clk3_out                                                                                                                                              | video_system/memory_top/mig_inst/u_mig_7series_0_mig/u_ddr3_infrastructure/pll_clk3_out                                                                                                                                      |            12.5 |
| pll_clkfbout                                                                                                                                              | video_system/memory_top/mig_inst/u_mig_7series_0_mig/u_ddr3_infrastructure/pll_clkfbout                                                                                                                                      |             3.1 |
| sync_pulse                                                                                                                                                | video_system/memory_top/mig_inst/u_mig_7series_0_mig/u_ddr3_infrastructure/sync_pulse                                                                                                                                        |            50.0 |
| u_memc_ui_top_axi/mem_intfc0/ddr_phy_top0/u_ddr_mc_phy_wrapper/u_ddr_mc_phy/ddr_phy_4lanes_0.u_ddr_phy_4lanes/ddr_byte_lane_A.ddr_byte_lane_A/iserdes_clk | video_system/memory_top/mig_inst/u_mig_7series_0_mig/u_memc_ui_top_axi/mem_intfc0/ddr_phy_top0/u_ddr_mc_phy_wrapper/u_ddr_mc_phy/ddr_phy_4lanes_0.u_ddr_phy_4lanes/ddr_byte_lane_A.ddr_byte_lane_A/phaser_in_gen.phaser_in_0 |             3.1 |
| u_memc_ui_top_axi/mem_intfc0/ddr_phy_top0/u_ddr_mc_phy_wrapper/u_ddr_mc_phy/ddr_phy_4lanes_0.u_ddr_phy_4lanes/ddr_byte_lane_B.ddr_byte_lane_B/iserdes_clk | video_system/memory_top/mig_inst/u_mig_7series_0_mig/u_memc_ui_top_axi/mem_intfc0/ddr_phy_top0/u_ddr_mc_phy_wrapper/u_ddr_mc_phy/ddr_phy_4lanes_0.u_ddr_phy_4lanes/ddr_byte_lane_B.ddr_byte_lane_B/phaser_in_gen.phaser_in_0 |             3.1 |
| u_memc_ui_top_axi/mem_intfc0/ddr_phy_top0/u_ddr_mc_phy_wrapper/u_ddr_mc_phy/ddr_phy_4lanes_0.u_ddr_phy_4lanes/ddr_byte_lane_C.ddr_byte_lane_C/iserdes_clk | video_system/memory_top/mig_inst/u_mig_7series_0_mig/u_memc_ui_top_axi/mem_intfc0/ddr_phy_top0/u_ddr_mc_phy_wrapper/u_ddr_mc_phy/ddr_phy_4lanes_0.u_ddr_phy_4lanes/ddr_byte_lane_C.ddr_byte_lane_C/phaser_in_gen.phaser_in_0 |             3.1 |
| u_memc_ui_top_axi/mem_intfc0/ddr_phy_top0/u_ddr_mc_phy_wrapper/u_ddr_mc_phy/ddr_phy_4lanes_0.u_ddr_phy_4lanes/ddr_byte_lane_D.ddr_byte_lane_D/iserdes_clk | video_system/memory_top/mig_inst/u_mig_7series_0_mig/u_memc_ui_top_axi/mem_intfc0/ddr_phy_top0/u_ddr_mc_phy_wrapper/u_ddr_mc_phy/ddr_phy_4lanes_0.u_ddr_phy_4lanes/ddr_byte_lane_D.ddr_byte_lane_D/phaser_in_gen.phaser_in_0 |             3.1 |
+-----------------------------------------------------------------------------------------------------------------------------------------------------------+------------------------------------------------------------------------------------------------------------------------------------------------------------------------------------------------------------------------------+-----------------+


3. Detailed Reports
-------------------

3.1 By Hierarchy
----------------

+-------------------------------------+-----------+
| Name                                | Power (W) |
+-------------------------------------+-----------+
| sys_top                             |     1.394 |
|   dbg_hub                           |     0.002 |
|     inst                            |     0.002 |
|       BSCANID.u_xsdbm_id            |     0.002 |
|   soc_clk                           |     0.124 |
|     inst                            |     0.124 |
|   u_ila_0                           |     0.026 |
|     inst                            |     0.026 |
|       ila_core_inst                 |     0.026 |
|   u_ila_1                           |     0.006 |
|     inst                            |     0.006 |
|       ila_core_inst                 |     0.006 |
|   video_system                      |     1.232 |
|     HDMI_TMDS_Interface             |     0.133 |
|       Serializer_Interface_Inst_B   |     0.033 |
|       Serializer_Interface_Inst_CLK |     0.033 |
|       Serializer_Interface_Inst_G   |     0.033 |
|       Serializer_Interface_Inst_R   |     0.033 |
|     memory_top                      |     0.982 |
|       axi_read_m                    |     0.002 |
|       camera_axi_write              |     0.006 |
|       mig_inst                      |     0.974 |
|     video_sys_clk                   |     0.114 |
|       inst                          |     0.114 |
+-------------------------------------+-----------+


